2019/12/28 12:33:24.323 [D] [alarm.go:74]  离线告警 2019-12-28 12:33:24.3237193 +0800 CST m=+3.921515601 
2019/12/28 12:33:26.997 [I] [alarm.go:94]  终端离线告警:  终端[d1782f7aae5b409b86abc4214c40b01a]最后一次发送心跳时间为2019-12-21T16:23:27+08:00, 已超过离线时间&d分钟%!(EXTRA int=5) , email通知: <nil> 
2019/12/28 12:33:30.525 [I] [alarm.go:94]  终端离线告警:  终端[fa429c96bd5844cc820951194c983a0a]最后一次发送心跳时间为2019-12-21T21:05:10+08:00, 已超过离线时间&d分钟%!(EXTRA int=5) , email通知: <nil> 
2019/12/28 12:33:33.589 [I] [alarm.go:94]  终端离线告警:  终端[95ac60e31db24016a073c523de1b404a]最后一次发送心跳时间为2019-12-21T22:09:13+08:00, 已超过离线时间&d分钟%!(EXTRA int=5) , email通知: <nil> 
2019/12/28 12:33:33.592 [D] [alarm.go:74]  离线告警 2019-12-28 12:33:27.3233167 +0800 CST m=+6.921113001 
2019/12/28 12:33:36.428 [I] [alarm.go:94]  终端离线告警:  终端[d1782f7aae5b409b86abc4214c40b01a]最后一次发送心跳时间为2019-12-21T16:23:27+08:00, 已超过离线时间&d分钟%!(EXTRA int=5) , email通知: <nil> 
2019/12/28 12:33:39.852 [I] [alarm.go:94]  终端离线告警:  终端[fa429c96bd5844cc820951194c983a0a]最后一次发送心跳时间为2019-12-21T21:05:10+08:00, 已超过离线时间&d分钟%!(EXTRA int=5) , email通知: <nil> 
2019/12/28 12:33:42.881 [I] [alarm.go:94]  终端离线告警:  终端[95ac60e31db24016a073c523de1b404a]最后一次发送心跳时间为2019-12-21T22:09:13+08:00, 已超过离线时间&d分钟%!(EXTRA int=5) , email通知: <nil> 
2019/12/28 12:33:42.882 [D] [alarm.go:74]  离线告警 2019-12-28 12:33:36.3231421 +0800 CST m=+15.920938401 
2019/12/28 12:33:42.884 [I] [alarm.go:89]  通知次数(2)超过限制(2), 终端[d1782f7aae5b409b86abc4214c40b01a]最后一次发送心跳时间为2019-12-21T16:23:27+08:00, 已超过离线时间&d分钟%!(EXTRA int=5) 
2019/12/28 12:33:42.885 [I] [alarm.go:89]  通知次数(2)超过限制(2), 终端[fa429c96bd5844cc820951194c983a0a]最后一次发送心跳时间为2019-12-21T21:05:10+08:00, 已超过离线时间&d分钟%!(EXTRA int=5) 
2019/12/28 12:33:42.887 [I] [alarm.go:89]  通知次数(2)超过限制(2), 终端[95ac60e31db24016a073c523de1b404a]最后一次发送心跳时间为2019-12-21T22:09:13+08:00, 已超过离线时间&d分钟%!(EXTRA int=5) 
2019/12/28 12:33:45.322 [D] [alarm.go:74]  离线告警 2019-12-28 12:33:45.3229291 +0800 CST m=+24.920725401 
2019/12/28 12:33:45.323 [I] [alarm.go:89]  通知次数(2)超过限制(2), 终端[d1782f7aae5b409b86abc4214c40b01a]最后一次发送心跳时间为2019-12-21T16:23:27+08:00, 已超过离线时间&d分钟%!(EXTRA int=5) 
2019/12/28 12:33:45.324 [I] [alarm.go:89]  通知次数(2)超过限制(2), 终端[fa429c96bd5844cc820951194c983a0a]最后一次发送心跳时间为2019-12-21T21:05:10+08:00, 已超过离线时间&d分钟%!(EXTRA int=5) 
2019/12/28 12:33:45.324 [I] [alarm.go:89]  通知次数(2)超过限制(2), 终端[95ac60e31db24016a073c523de1b404a]最后一次发送心跳时间为2019-12-21T22:09:13+08:00, 已超过离线时间&d分钟%!(EXTRA int=5) 
2019/12/28 12:33:48.323 [D] [alarm.go:74]  离线告警 2019-12-28 12:33:48.3238212 +0800 CST m=+27.921617501 
2019/12/28 12:33:48.324 [I] [alarm.go:89]  通知次数(2)超过限制(2), 终端[d1782f7aae5b409b86abc4214c40b01a]最后一次发送心跳时间为2019-12-21T16:23:27+08:00, 已超过离线时间&d分钟%!(EXTRA int=5) 
2019/12/28 12:33:48.324 [I] [alarm.go:89]  通知次数(2)超过限制(2), 终端[fa429c96bd5844cc820951194c983a0a]最后一次发送心跳时间为2019-12-21T21:05:10+08:00, 已超过离线时间&d分钟%!(EXTRA int=5) 
2019/12/28 12:33:48.325 [I] [alarm.go:89]  通知次数(2)超过限制(2), 终端[95ac60e31db24016a073c523de1b404a]最后一次发送心跳时间为2019-12-21T22:09:13+08:00, 已超过离线时间&d分钟%!(EXTRA int=5) 
2019/12/28 12:33:51.322 [D] [alarm.go:74]  离线告警 2019-12-28 12:33:51.3228042 +0800 CST m=+30.920600501 
2019/12/28 12:33:51.326 [I] [alarm.go:89]  通知次数(2)超过限制(2), 终端[d1782f7aae5b409b86abc4214c40b01a]最后一次发送心跳时间为2019-12-21T16:23:27+08:00, 已超过离线时间&d分钟%!(EXTRA int=5) 
2019/12/28 12:33:51.329 [I] [alarm.go:89]  通知次数(2)超过限制(2), 终端[fa429c96bd5844cc820951194c983a0a]最后一次发送心跳时间为2019-12-21T21:05:10+08:00, 已超过离线时间&d分钟%!(EXTRA int=5) 
2019/12/28 12:33:51.330 [I] [alarm.go:89]  通知次数(2)超过限制(2), 终端[95ac60e31db24016a073c523de1b404a]最后一次发送心跳时间为2019-12-21T22:09:13+08:00, 已超过离线时间&d分钟%!(EXTRA int=5) 
2019/12/28 12:33:54.322 [D] [alarm.go:74]  离线告警 2019-12-28 12:33:54.3229265 +0800 CST m=+33.920722801 
2019/12/28 12:33:54.323 [I] [alarm.go:89]  通知次数(2)超过限制(2), 终端[d1782f7aae5b409b86abc4214c40b01a]最后一次发送心跳时间为2019-12-21T16:23:27+08:00, 已超过离线时间&d分钟%!(EXTRA int=5) 
2019/12/28 12:33:54.324 [I] [alarm.go:89]  通知次数(2)超过限制(2), 终端[fa429c96bd5844cc820951194c983a0a]最后一次发送心跳时间为2019-12-21T21:05:10+08:00, 已超过离线时间&d分钟%!(EXTRA int=5) 
2019/12/28 12:33:54.324 [I] [alarm.go:89]  通知次数(2)超过限制(2), 终端[95ac60e31db24016a073c523de1b404a]最后一次发送心跳时间为2019-12-21T22:09:13+08:00, 已超过离线时间&d分钟%!(EXTRA int=5) 
2019/12/28 12:33:57.322 [D] [alarm.go:74]  离线告警 2019-12-28 12:33:57.3228792 +0800 CST m=+36.920675501 
2019/12/28 12:33:57.325 [I] [alarm.go:89]  通知次数(2)超过限制(2), 终端[d1782f7aae5b409b86abc4214c40b01a]最后一次发送心跳时间为2019-12-21T16:23:27+08:00, 已超过离线时间&d分钟%!(EXTRA int=5) 
2019/12/28 12:33:57.325 [I] [alarm.go:89]  通知次数(2)超过限制(2), 终端[fa429c96bd5844cc820951194c983a0a]最后一次发送心跳时间为2019-12-21T21:05:10+08:00, 已超过离线时间&d分钟%!(EXTRA int=5) 
2019/12/28 12:33:57.326 [I] [alarm.go:89]  通知次数(2)超过限制(2), 终端[95ac60e31db24016a073c523de1b404a]最后一次发送心跳时间为2019-12-21T22:09:13+08:00, 已超过离线时间&d分钟%!(EXTRA int=5) 
2019/12/28 12:34:00.322 [D] [alarm.go:74]  离线告警 2019-12-28 12:34:00.3228778 +0800 CST m=+39.920674101 
2019/12/28 12:34:00.323 [I] [alarm.go:89]  通知次数(2)超过限制(2), 终端[d1782f7aae5b409b86abc4214c40b01a]最后一次发送心跳时间为2019-12-21T16:23:27+08:00, 已超过离线时间&d分钟%!(EXTRA int=5) 
2019/12/28 12:34:00.324 [I] [alarm.go:89]  通知次数(2)超过限制(2), 终端[fa429c96bd5844cc820951194c983a0a]最后一次发送心跳时间为2019-12-21T21:05:10+08:00, 已超过离线时间&d分钟%!(EXTRA int=5) 
2019/12/28 12:34:00.324 [I] [alarm.go:89]  通知次数(2)超过限制(2), 终端[95ac60e31db24016a073c523de1b404a]最后一次发送心跳时间为2019-12-21T22:09:13+08:00, 已超过离线时间&d分钟%!(EXTRA int=5) 
2019/12/28 12:34:03.324 [D] [alarm.go:74]  离线告警 2019-12-28 12:34:03.3245445 +0800 CST m=+42.922340801 
2019/12/28 12:34:03.328 [I] [alarm.go:89]  通知次数(2)超过限制(2), 终端[d1782f7aae5b409b86abc4214c40b01a]最后一次发送心跳时间为2019-12-21T16:23:27+08:00, 已超过离线时间&d分钟%!(EXTRA int=5) 
2019/12/28 12:34:03.329 [I] [alarm.go:89]  通知次数(2)超过限制(2), 终端[fa429c96bd5844cc820951194c983a0a]最后一次发送心跳时间为2019-12-21T21:05:10+08:00, 已超过离线时间&d分钟%!(EXTRA int=5) 
2019/12/28 12:34:03.330 [I] [alarm.go:89]  通知次数(2)超过限制(2), 终端[95ac60e31db24016a073c523de1b404a]最后一次发送心跳时间为2019-12-21T22:09:13+08:00, 已超过离线时间&d分钟%!(EXTRA int=5) 
2019/12/28 12:34:06.322 [D] [alarm.go:74]  离线告警 2019-12-28 12:34:06.3227609 +0800 CST m=+45.920557201 
2019/12/28 12:34:06.324 [I] [alarm.go:89]  通知次数(2)超过限制(2), 终端[d1782f7aae5b409b86abc4214c40b01a]最后一次发送心跳时间为2019-12-21T16:23:27+08:00, 已超过离线时间&d分钟%!(EXTRA int=5) 
2019/12/28 12:34:06.324 [I] [alarm.go:89]  通知次数(2)超过限制(2), 终端[fa429c96bd5844cc820951194c983a0a]最后一次发送心跳时间为2019-12-21T21:05:10+08:00, 已超过离线时间&d分钟%!(EXTRA int=5) 
2019/12/28 12:34:06.325 [I] [alarm.go:89]  通知次数(2)超过限制(2), 终端[95ac60e31db24016a073c523de1b404a]最后一次发送心跳时间为2019-12-21T22:09:13+08:00, 已超过离线时间&d分钟%!(EXTRA int=5) 
2019/12/28 12:34:09.324 [D] [alarm.go:74]  离线告警 2019-12-28 12:34:09.324244 +0800 CST m=+48.922040301 
2019/12/28 12:34:09.325 [I] [alarm.go:89]  通知次数(2)超过限制(2), 终端[d1782f7aae5b409b86abc4214c40b01a]最后一次发送心跳时间为2019-12-21T16:23:27+08:00, 已超过离线时间&d分钟%!(EXTRA int=5) 
2019/12/28 12:34:09.325 [I] [alarm.go:89]  通知次数(2)超过限制(2), 终端[fa429c96bd5844cc820951194c983a0a]最后一次发送心跳时间为2019-12-21T21:05:10+08:00, 已超过离线时间&d分钟%!(EXTRA int=5) 
2019/12/28 12:34:09.326 [I] [alarm.go:89]  通知次数(2)超过限制(2), 终端[95ac60e31db24016a073c523de1b404a]最后一次发送心跳时间为2019-12-21T22:09:13+08:00, 已超过离线时间&d分钟%!(EXTRA int=5) 
2019/12/28 12:34:12.323 [D] [alarm.go:74]  离线告警 2019-12-28 12:34:12.3233523 +0800 CST m=+51.921148601 
2019/12/28 12:34:12.324 [I] [alarm.go:89]  通知次数(2)超过限制(2), 终端[d1782f7aae5b409b86abc4214c40b01a]最后一次发送心跳时间为2019-12-21T16:23:27+08:00, 已超过离线时间&d分钟%!(EXTRA int=5) 
2019/12/28 12:34:12.325 [I] [alarm.go:89]  通知次数(2)超过限制(2), 终端[fa429c96bd5844cc820951194c983a0a]最后一次发送心跳时间为2019-12-21T21:05:10+08:00, 已超过离线时间&d分钟%!(EXTRA int=5) 
2019/12/28 12:34:12.325 [I] [alarm.go:89]  通知次数(2)超过限制(2), 终端[95ac60e31db24016a073c523de1b404a]最后一次发送心跳时间为2019-12-21T22:09:13+08:00, 已超过离线时间&d分钟%!(EXTRA int=5) 
2019/12/28 12:43:57.951 [D] [alarm.go:74]  离线告警 2019-12-28 12:43:57.9514537 +0800 CST m=+3.090371601 
2019/12/28 12:43:57.954 [I] [alarm.go:90]  通知次数(2)超过限制(2), 终端[d1782f7aae5b409b86abc4214c40b01a]最后一次发送心跳时间为2019-12-21T16:23:27+08:00, 已超过离线时间5分钟 
2019/12/28 12:43:57.954 [I] [alarm.go:90]  通知次数(2)超过限制(2), 终端[fa429c96bd5844cc820951194c983a0a]最后一次发送心跳时间为2019-12-21T21:05:10+08:00, 已超过离线时间5分钟 
2019/12/28 12:43:57.955 [I] [alarm.go:90]  通知次数(2)超过限制(2), 终端[95ac60e31db24016a073c523de1b404a]最后一次发送心跳时间为2019-12-21T22:09:13+08:00, 已超过离线时间5分钟 
2019/12/28 12:44:00.950 [D] [alarm.go:74]  离线告警 2019-12-28 12:44:00.950084 +0800 CST m=+6.089001901 
2019/12/28 12:44:00.951 [I] [alarm.go:90]  通知次数(2)超过限制(2), 终端[d1782f7aae5b409b86abc4214c40b01a]最后一次发送心跳时间为2019-12-21T16:23:27+08:00, 已超过离线时间5分钟 
2019/12/28 12:44:00.953 [I] [alarm.go:90]  通知次数(2)超过限制(2), 终端[fa429c96bd5844cc820951194c983a0a]最后一次发送心跳时间为2019-12-21T21:05:10+08:00, 已超过离线时间5分钟 
2019/12/28 12:44:00.954 [I] [alarm.go:90]  通知次数(2)超过限制(2), 终端[95ac60e31db24016a073c523de1b404a]最后一次发送心跳时间为2019-12-21T22:09:13+08:00, 已超过离线时间5分钟 
2019/12/28 12:44:03.951 [D] [alarm.go:74]  离线告警 2019-12-28 12:44:03.951358 +0800 CST m=+9.090275901 
2019/12/28 12:44:03.953 [I] [alarm.go:90]  通知次数(2)超过限制(2), 终端[d1782f7aae5b409b86abc4214c40b01a]最后一次发送心跳时间为2019-12-21T16:23:27+08:00, 已超过离线时间5分钟 
2019/12/28 12:44:03.954 [I] [alarm.go:90]  通知次数(2)超过限制(2), 终端[fa429c96bd5844cc820951194c983a0a]最后一次发送心跳时间为2019-12-21T21:05:10+08:00, 已超过离线时间5分钟 
2019/12/28 12:44:03.955 [I] [alarm.go:90]  通知次数(2)超过限制(2), 终端[95ac60e31db24016a073c523de1b404a]最后一次发送心跳时间为2019-12-21T22:09:13+08:00, 已超过离线时间5分钟 
2019/12/28 12:44:42.474 [D] [alarm.go:74]  离线告警 2019-12-28 12:44:42.4749396 +0800 CST m=+3.104225301 
2019/12/28 12:44:42.477 [I] [alarm.go:89]  通知次数(2)超过限制(2), 终端[d1782f7aae5b409b86abc4214c40b01a]最后一次发送心跳时间为2019-12-21T16:23:27+08:00, 已超过离线时间5分钟 
2019/12/28 12:44:42.478 [I] [alarm.go:89]  通知次数(2)超过限制(2), 终端[fa429c96bd5844cc820951194c983a0a]最后一次发送心跳时间为2019-12-21T21:05:10+08:00, 已超过离线时间5分钟 
2019/12/28 12:44:42.478 [I] [alarm.go:89]  通知次数(2)超过限制(2), 终端[95ac60e31db24016a073c523de1b404a]最后一次发送心跳时间为2019-12-21T22:09:13+08:00, 已超过离线时间5分钟 
2019/12/28 12:44:45.473 [D] [alarm.go:74]  离线告警 2019-12-28 12:44:45.4738092 +0800 CST m=+6.103094901 
2019/12/28 12:44:45.474 [I] [alarm.go:89]  通知次数(2)超过限制(2), 终端[d1782f7aae5b409b86abc4214c40b01a]最后一次发送心跳时间为2019-12-21T16:23:27+08:00, 已超过离线时间5分钟 
2019/12/28 12:44:45.474 [I] [alarm.go:89]  通知次数(2)超过限制(2), 终端[fa429c96bd5844cc820951194c983a0a]最后一次发送心跳时间为2019-12-21T21:05:10+08:00, 已超过离线时间5分钟 
2019/12/28 12:44:45.474 [I] [alarm.go:89]  通知次数(2)超过限制(2), 终端[95ac60e31db24016a073c523de1b404a]最后一次发送心跳时间为2019-12-21T22:09:13+08:00, 已超过离线时间5分钟 
2019/12/28 12:44:48.474 [D] [alarm.go:74]  离线告警 2019-12-28 12:44:48.4742696 +0800 CST m=+9.103555301 
2019/12/28 12:44:48.476 [I] [alarm.go:89]  通知次数(2)超过限制(2), 终端[d1782f7aae5b409b86abc4214c40b01a]最后一次发送心跳时间为2019-12-21T16:23:27+08:00, 已超过离线时间5分钟 
2019/12/28 12:44:48.476 [I] [alarm.go:89]  通知次数(2)超过限制(2), 终端[fa429c96bd5844cc820951194c983a0a]最后一次发送心跳时间为2019-12-21T21:05:10+08:00, 已超过离线时间5分钟 
2019/12/28 12:44:48.476 [I] [alarm.go:89]  通知次数(2)超过限制(2), 终端[95ac60e31db24016a073c523de1b404a]最后一次发送心跳时间为2019-12-21T22:09:13+08:00, 已超过离线时间5分钟 
2019/12/28 12:44:51.474 [D] [alarm.go:74]  离线告警 2019-12-28 12:44:51.4741119 +0800 CST m=+12.103397601 
2019/12/28 12:44:51.475 [I] [alarm.go:89]  通知次数(2)超过限制(2), 终端[d1782f7aae5b409b86abc4214c40b01a]最后一次发送心跳时间为2019-12-21T16:23:27+08:00, 已超过离线时间5分钟 
2019/12/28 12:44:51.475 [I] [alarm.go:89]  通知次数(2)超过限制(2), 终端[fa429c96bd5844cc820951194c983a0a]最后一次发送心跳时间为2019-12-21T21:05:10+08:00, 已超过离线时间5分钟 
2019/12/28 12:44:51.476 [I] [alarm.go:89]  通知次数(2)超过限制(2), 终端[95ac60e31db24016a073c523de1b404a]最后一次发送心跳时间为2019-12-21T22:09:13+08:00, 已超过离线时间5分钟 
2019/12/28 12:44:54.474 [D] [alarm.go:74]  离线告警 2019-12-28 12:44:54.4743634 +0800 CST m=+15.103649101 
2019/12/28 12:44:54.474 [I] [alarm.go:89]  通知次数(2)超过限制(2), 终端[d1782f7aae5b409b86abc4214c40b01a]最后一次发送心跳时间为2019-12-21T16:23:27+08:00, 已超过离线时间5分钟 
2019/12/28 12:44:54.475 [I] [alarm.go:89]  通知次数(2)超过限制(2), 终端[fa429c96bd5844cc820951194c983a0a]最后一次发送心跳时间为2019-12-21T21:05:10+08:00, 已超过离线时间5分钟 
2019/12/28 12:44:54.475 [I] [alarm.go:89]  通知次数(2)超过限制(2), 终端[95ac60e31db24016a073c523de1b404a]最后一次发送心跳时间为2019-12-21T22:09:13+08:00, 已超过离线时间5分钟 
2019/12/28 12:44:57.473 [D] [alarm.go:74]  离线告警 2019-12-28 12:44:57.4735083 +0800 CST m=+18.102794001 
2019/12/28 12:44:57.476 [I] [alarm.go:89]  通知次数(2)超过限制(2), 终端[d1782f7aae5b409b86abc4214c40b01a]最后一次发送心跳时间为2019-12-21T16:23:27+08:00, 已超过离线时间5分钟 
2019/12/28 12:44:57.477 [I] [alarm.go:89]  通知次数(2)超过限制(2), 终端[fa429c96bd5844cc820951194c983a0a]最后一次发送心跳时间为2019-12-21T21:05:10+08:00, 已超过离线时间5分钟 
2019/12/28 12:44:57.479 [I] [alarm.go:89]  通知次数(2)超过限制(2), 终端[95ac60e31db24016a073c523de1b404a]最后一次发送心跳时间为2019-12-21T22:09:13+08:00, 已超过离线时间5分钟 
2019/12/28 12:45:00.473 [D] [alarm.go:74]  离线告警 2019-12-28 12:45:00.4734854 +0800 CST m=+21.102771101 
2019/12/28 12:45:00.474 [I] [alarm.go:89]  通知次数(2)超过限制(2), 终端[d1782f7aae5b409b86abc4214c40b01a]最后一次发送心跳时间为2019-12-21T16:23:27+08:00, 已超过离线时间5分钟 
2019/12/28 12:45:00.475 [I] [alarm.go:89]  通知次数(2)超过限制(2), 终端[fa429c96bd5844cc820951194c983a0a]最后一次发送心跳时间为2019-12-21T21:05:10+08:00, 已超过离线时间5分钟 
2019/12/28 12:45:00.475 [I] [alarm.go:89]  通知次数(2)超过限制(2), 终端[95ac60e31db24016a073c523de1b404a]最后一次发送心跳时间为2019-12-21T22:09:13+08:00, 已超过离线时间5分钟 
2019/12/28 12:45:03.473 [D] [alarm.go:74]  离线告警 2019-12-28 12:45:03.4735423 +0800 CST m=+24.102828001 
2019/12/28 12:45:03.474 [I] [alarm.go:89]  通知次数(2)超过限制(2), 终端[d1782f7aae5b409b86abc4214c40b01a]最后一次发送心跳时间为2019-12-21T16:23:27+08:00, 已超过离线时间5分钟 
2019/12/28 12:45:03.474 [I] [alarm.go:89]  通知次数(2)超过限制(2), 终端[fa429c96bd5844cc820951194c983a0a]最后一次发送心跳时间为2019-12-21T21:05:10+08:00, 已超过离线时间5分钟 
2019/12/28 12:45:03.474 [I] [alarm.go:89]  通知次数(2)超过限制(2), 终端[95ac60e31db24016a073c523de1b404a]最后一次发送心跳时间为2019-12-21T22:09:13+08:00, 已超过离线时间5分钟 
2019/12/28 12:45:06.474 [D] [alarm.go:74]  离线告警 2019-12-28 12:45:06.4737622 +0800 CST m=+27.103047901 
2019/12/28 12:45:06.478 [I] [alarm.go:89]  通知次数(2)超过限制(2), 终端[d1782f7aae5b409b86abc4214c40b01a]最后一次发送心跳时间为2019-12-21T16:23:27+08:00, 已超过离线时间5分钟 
2019/12/28 12:45:06.480 [I] [alarm.go:89]  通知次数(2)超过限制(2), 终端[fa429c96bd5844cc820951194c983a0a]最后一次发送心跳时间为2019-12-21T21:05:10+08:00, 已超过离线时间5分钟 
2019/12/28 12:45:06.481 [I] [alarm.go:89]  通知次数(2)超过限制(2), 终端[95ac60e31db24016a073c523de1b404a]最后一次发送心跳时间为2019-12-21T22:09:13+08:00, 已超过离线时间5分钟 
2019/12/28 12:45:09.473 [D] [alarm.go:74]  离线告警 2019-12-28 12:45:09.4737233 +0800 CST m=+30.103009001 
2019/12/28 12:45:09.473 [I] [alarm.go:89]  通知次数(2)超过限制(2), 终端[d1782f7aae5b409b86abc4214c40b01a]最后一次发送心跳时间为2019-12-21T16:23:27+08:00, 已超过离线时间5分钟 
2019/12/28 12:45:09.474 [I] [alarm.go:89]  通知次数(2)超过限制(2), 终端[fa429c96bd5844cc820951194c983a0a]最后一次发送心跳时间为2019-12-21T21:05:10+08:00, 已超过离线时间5分钟 
2019/12/28 12:45:09.474 [I] [alarm.go:89]  通知次数(2)超过限制(2), 终端[95ac60e31db24016a073c523de1b404a]最后一次发送心跳时间为2019-12-21T22:09:13+08:00, 已超过离线时间5分钟 
2019/12/28 12:45:12.474 [D] [alarm.go:74]  离线告警 2019-12-28 12:45:12.4748151 +0800 CST m=+33.104100801 
2019/12/28 12:45:12.474 [I] [alarm.go:89]  通知次数(2)超过限制(2), 终端[d1782f7aae5b409b86abc4214c40b01a]最后一次发送心跳时间为2019-12-21T16:23:27+08:00, 已超过离线时间5分钟 
2019/12/28 12:45:12.475 [I] [alarm.go:89]  通知次数(2)超过限制(2), 终端[fa429c96bd5844cc820951194c983a0a]最后一次发送心跳时间为2019-12-21T21:05:10+08:00, 已超过离线时间5分钟 
2019/12/28 12:45:12.475 [I] [alarm.go:89]  通知次数(2)超过限制(2), 终端[95ac60e31db24016a073c523de1b404a]最后一次发送心跳时间为2019-12-21T22:09:13+08:00, 已超过离线时间5分钟 
2019/12/28 12:45:15.473 [D] [alarm.go:74]  离线告警 2019-12-28 12:45:15.4737978 +0800 CST m=+36.103083501 
2019/12/28 12:45:15.473 [I] [alarm.go:89]  通知次数(2)超过限制(2), 终端[d1782f7aae5b409b86abc4214c40b01a]最后一次发送心跳时间为2019-12-21T16:23:27+08:00, 已超过离线时间5分钟 
2019/12/28 12:45:15.474 [I] [alarm.go:89]  通知次数(2)超过限制(2), 终端[fa429c96bd5844cc820951194c983a0a]最后一次发送心跳时间为2019-12-21T21:05:10+08:00, 已超过离线时间5分钟 
2019/12/28 12:45:15.474 [I] [alarm.go:89]  通知次数(2)超过限制(2), 终端[95ac60e31db24016a073c523de1b404a]最后一次发送心跳时间为2019-12-21T22:09:13+08:00, 已超过离线时间5分钟 
2019/12/28 12:45:18.473 [D] [alarm.go:74]  离线告警 2019-12-28 12:45:18.4738987 +0800 CST m=+39.103184401 
2019/12/28 12:45:18.475 [I] [alarm.go:89]  通知次数(2)超过限制(2), 终端[d1782f7aae5b409b86abc4214c40b01a]最后一次发送心跳时间为2019-12-21T16:23:27+08:00, 已超过离线时间5分钟 
2019/12/28 12:45:18.475 [I] [alarm.go:89]  通知次数(2)超过限制(2), 终端[fa429c96bd5844cc820951194c983a0a]最后一次发送心跳时间为2019-12-21T21:05:10+08:00, 已超过离线时间5分钟 
2019/12/28 12:45:18.476 [I] [alarm.go:89]  通知次数(2)超过限制(2), 终端[95ac60e31db24016a073c523de1b404a]最后一次发送心跳时间为2019-12-21T22:09:13+08:00, 已超过离线时间5分钟 
2019/12/28 12:45:21.473 [D] [alarm.go:74]  离线告警 2019-12-28 12:45:21.4738605 +0800 CST m=+42.103146201 
2019/12/28 12:45:21.475 [I] [alarm.go:89]  通知次数(2)超过限制(2), 终端[d1782f7aae5b409b86abc4214c40b01a]最后一次发送心跳时间为2019-12-21T16:23:27+08:00, 已超过离线时间5分钟 
2019/12/28 12:45:21.476 [I] [alarm.go:89]  通知次数(2)超过限制(2), 终端[fa429c96bd5844cc820951194c983a0a]最后一次发送心跳时间为2019-12-21T21:05:10+08:00, 已超过离线时间5分钟 
2019/12/28 12:45:21.477 [I] [alarm.go:89]  通知次数(2)超过限制(2), 终端[95ac60e31db24016a073c523de1b404a]最后一次发送心跳时间为2019-12-21T22:09:13+08:00, 已超过离线时间5分钟 
2019/12/28 12:45:24.473 [D] [alarm.go:74]  离线告警 2019-12-28 12:45:24.4737382 +0800 CST m=+45.103023901 
2019/12/28 12:45:24.476 [I] [alarm.go:89]  通知次数(2)超过限制(2), 终端[d1782f7aae5b409b86abc4214c40b01a]最后一次发送心跳时间为2019-12-21T16:23:27+08:00, 已超过离线时间5分钟 
2019/12/28 12:45:24.477 [I] [alarm.go:89]  通知次数(2)超过限制(2), 终端[fa429c96bd5844cc820951194c983a0a]最后一次发送心跳时间为2019-12-21T21:05:10+08:00, 已超过离线时间5分钟 
2019/12/28 12:45:24.478 [I] [alarm.go:89]  通知次数(2)超过限制(2), 终端[95ac60e31db24016a073c523de1b404a]最后一次发送心跳时间为2019-12-21T22:09:13+08:00, 已超过离线时间5分钟 
2019/12/28 12:45:27.473 [D] [alarm.go:74]  离线告警 2019-12-28 12:45:27.4737215 +0800 CST m=+48.103007201 
2019/12/28 12:45:27.474 [I] [alarm.go:89]  通知次数(2)超过限制(2), 终端[d1782f7aae5b409b86abc4214c40b01a]最后一次发送心跳时间为2019-12-21T16:23:27+08:00, 已超过离线时间5分钟 
2019/12/28 12:45:27.474 [I] [alarm.go:89]  通知次数(2)超过限制(2), 终端[fa429c96bd5844cc820951194c983a0a]最后一次发送心跳时间为2019-12-21T21:05:10+08:00, 已超过离线时间5分钟 
2019/12/28 12:45:27.475 [I] [alarm.go:89]  通知次数(2)超过限制(2), 终端[95ac60e31db24016a073c523de1b404a]最后一次发送心跳时间为2019-12-21T22:09:13+08:00, 已超过离线时间5分钟 
2019/12/28 12:45:30.474 [D] [alarm.go:74]  离线告警 2019-12-28 12:45:30.4748114 +0800 CST m=+51.104097101 
2019/12/28 12:45:30.475 [I] [alarm.go:89]  通知次数(2)超过限制(2), 终端[d1782f7aae5b409b86abc4214c40b01a]最后一次发送心跳时间为2019-12-21T16:23:27+08:00, 已超过离线时间5分钟 
2019/12/28 12:45:30.476 [I] [alarm.go:89]  通知次数(2)超过限制(2), 终端[fa429c96bd5844cc820951194c983a0a]最后一次发送心跳时间为2019-12-21T21:05:10+08:00, 已超过离线时间5分钟 
2019/12/28 12:45:30.477 [I] [alarm.go:89]  通知次数(2)超过限制(2), 终端[95ac60e31db24016a073c523de1b404a]最后一次发送心跳时间为2019-12-21T22:09:13+08:00, 已超过离线时间5分钟 
2019/12/28 12:45:33.473 [D] [alarm.go:74]  离线告警 2019-12-28 12:45:33.4736785 +0800 CST m=+54.102964201 
2019/12/28 12:45:33.475 [I] [alarm.go:89]  通知次数(2)超过限制(2), 终端[d1782f7aae5b409b86abc4214c40b01a]最后一次发送心跳时间为2019-12-21T16:23:27+08:00, 已超过离线时间5分钟 
2019/12/28 12:45:33.476 [I] [alarm.go:89]  通知次数(2)超过限制(2), 终端[fa429c96bd5844cc820951194c983a0a]最后一次发送心跳时间为2019-12-21T21:05:10+08:00, 已超过离线时间5分钟 
2019/12/28 12:45:33.477 [I] [alarm.go:89]  通知次数(2)超过限制(2), 终端[95ac60e31db24016a073c523de1b404a]最后一次发送心跳时间为2019-12-21T22:09:13+08:00, 已超过离线时间5分钟 
2019/12/28 12:45:36.474 [D] [alarm.go:74]  离线告警 2019-12-28 12:45:36.4747861 +0800 CST m=+57.104071801 
2019/12/28 12:45:36.475 [I] [alarm.go:89]  通知次数(2)超过限制(2), 终端[d1782f7aae5b409b86abc4214c40b01a]最后一次发送心跳时间为2019-12-21T16:23:27+08:00, 已超过离线时间5分钟 
2019/12/28 12:45:36.475 [I] [alarm.go:89]  通知次数(2)超过限制(2), 终端[fa429c96bd5844cc820951194c983a0a]最后一次发送心跳时间为2019-12-21T21:05:10+08:00, 已超过离线时间5分钟 
2019/12/28 12:45:36.476 [I] [alarm.go:89]  通知次数(2)超过限制(2), 终端[95ac60e31db24016a073c523de1b404a]最后一次发送心跳时间为2019-12-21T22:09:13+08:00, 已超过离线时间5分钟 
2019/12/28 12:45:39.473 [D] [alarm.go:74]  离线告警 2019-12-28 12:45:39.4737497 +0800 CST m=+60.103035401 
2019/12/28 12:45:39.473 [D] [alarm.go:110]  CPU使用率告警 2019-12-28 12:45:39.4737497 +0800 CST m=+60.103035401 
2019/12/28 12:45:39.473 [D] [alarm.go:145]  内存使用率告警 2019-12-28 12:45:39.4737497 +0800 CST m=+60.103035401 
2019/12/28 12:45:39.475 [I] [alarm.go:89]  通知次数(2)超过限制(2), 终端[d1782f7aae5b409b86abc4214c40b01a]最后一次发送心跳时间为2019-12-21T16:23:27+08:00, 已超过离线时间5分钟 
2019/12/28 12:45:39.476 [I] [alarm.go:89]  通知次数(2)超过限制(2), 终端[fa429c96bd5844cc820951194c983a0a]最后一次发送心跳时间为2019-12-21T21:05:10+08:00, 已超过离线时间5分钟 
2019/12/28 12:45:39.477 [I] [alarm.go:89]  通知次数(2)超过限制(2), 终端[95ac60e31db24016a073c523de1b404a]最后一次发送心跳时间为2019-12-21T22:09:13+08:00, 已超过离线时间5分钟 
2019/12/28 12:45:41.995 [I] [alarm.go:164]  终端CPU告警:  终端[7867958d54e343c79c4fcb0495bd5b92]在最近5分钟内内存使用率大于20%的次数为3, 已超过3 , email通知: <nil> 
2019/12/28 12:45:42.483 [D] [alarm.go:74]  离线告警 2019-12-28 12:45:42.4830505 +0800 CST m=+63.112336201 
2019/12/28 12:45:42.484 [I] [alarm.go:89]  通知次数(2)超过限制(2), 终端[d1782f7aae5b409b86abc4214c40b01a]最后一次发送心跳时间为2019-12-21T16:23:27+08:00, 已超过离线时间5分钟 
2019/12/28 12:45:42.486 [I] [alarm.go:89]  通知次数(2)超过限制(2), 终端[fa429c96bd5844cc820951194c983a0a]最后一次发送心跳时间为2019-12-21T21:05:10+08:00, 已超过离线时间5分钟 
2019/12/28 12:45:42.487 [I] [alarm.go:89]  通知次数(2)超过限制(2), 终端[95ac60e31db24016a073c523de1b404a]最后一次发送心跳时间为2019-12-21T22:09:13+08:00, 已超过离线时间5分钟 
2019/12/28 12:45:45.474 [D] [alarm.go:74]  离线告警 2019-12-28 12:45:45.4740257 +0800 CST m=+66.103311401 
2019/12/28 12:45:45.474 [I] [alarm.go:89]  通知次数(2)超过限制(2), 终端[d1782f7aae5b409b86abc4214c40b01a]最后一次发送心跳时间为2019-12-21T16:23:27+08:00, 已超过离线时间5分钟 
2019/12/28 12:45:45.474 [I] [alarm.go:89]  通知次数(2)超过限制(2), 终端[fa429c96bd5844cc820951194c983a0a]最后一次发送心跳时间为2019-12-21T21:05:10+08:00, 已超过离线时间5分钟 
2019/12/28 12:45:45.475 [I] [alarm.go:89]  通知次数(2)超过限制(2), 终端[95ac60e31db24016a073c523de1b404a]最后一次发送心跳时间为2019-12-21T22:09:13+08:00, 已超过离线时间5分钟 
2019/12/28 12:45:48.473 [D] [alarm.go:74]  离线告警 2019-12-28 12:45:48.4739823 +0800 CST m=+69.103268001 
2019/12/28 12:45:48.473 [I] [alarm.go:89]  通知次数(2)超过限制(2), 终端[d1782f7aae5b409b86abc4214c40b01a]最后一次发送心跳时间为2019-12-21T16:23:27+08:00, 已超过离线时间5分钟 
2019/12/28 12:45:48.474 [I] [alarm.go:89]  通知次数(2)超过限制(2), 终端[fa429c96bd5844cc820951194c983a0a]最后一次发送心跳时间为2019-12-21T21:05:10+08:00, 已超过离线时间5分钟 
2019/12/28 12:45:48.474 [I] [alarm.go:89]  通知次数(2)超过限制(2), 终端[95ac60e31db24016a073c523de1b404a]最后一次发送心跳时间为2019-12-21T22:09:13+08:00, 已超过离线时间5分钟 
2019/12/28 12:46:01.896 [D] [alarm.go:74]  离线告警 2019-12-28 12:46:01.8966558 +0800 CST m=+3.104729901 
2019/12/28 12:46:01.898 [I] [alarm.go:89]  通知次数(2)超过限制(2), 终端[d1782f7aae5b409b86abc4214c40b01a]最后一次发送心跳时间为2019-12-21T16:23:27+08:00, 已超过离线时间5分钟 
2019/12/28 12:46:01.899 [I] [alarm.go:89]  通知次数(2)超过限制(2), 终端[fa429c96bd5844cc820951194c983a0a]最后一次发送心跳时间为2019-12-21T21:05:10+08:00, 已超过离线时间5分钟 
2019/12/28 12:46:01.899 [I] [alarm.go:89]  通知次数(2)超过限制(2), 终端[95ac60e31db24016a073c523de1b404a]最后一次发送心跳时间为2019-12-21T22:09:13+08:00, 已超过离线时间5分钟 
2019/12/28 12:46:04.898 [D] [alarm.go:74]  离线告警 2019-12-28 12:46:04.8983982 +0800 CST m=+6.106472301 
2019/12/28 12:46:04.898 [I] [alarm.go:89]  通知次数(2)超过限制(2), 终端[d1782f7aae5b409b86abc4214c40b01a]最后一次发送心跳时间为2019-12-21T16:23:27+08:00, 已超过离线时间5分钟 
2019/12/28 12:46:04.899 [I] [alarm.go:89]  通知次数(2)超过限制(2), 终端[fa429c96bd5844cc820951194c983a0a]最后一次发送心跳时间为2019-12-21T21:05:10+08:00, 已超过离线时间5分钟 
2019/12/28 12:46:04.899 [I] [alarm.go:89]  通知次数(2)超过限制(2), 终端[95ac60e31db24016a073c523de1b404a]最后一次发送心跳时间为2019-12-21T22:09:13+08:00, 已超过离线时间5分钟 
2019/12/28 12:46:07.897 [D] [alarm.go:74]  离线告警 2019-12-28 12:46:07.8970656 +0800 CST m=+9.105139701 
2019/12/28 12:46:07.897 [I] [alarm.go:89]  通知次数(2)超过限制(2), 终端[d1782f7aae5b409b86abc4214c40b01a]最后一次发送心跳时间为2019-12-21T16:23:27+08:00, 已超过离线时间5分钟 
2019/12/28 12:46:07.898 [I] [alarm.go:89]  通知次数(2)超过限制(2), 终端[fa429c96bd5844cc820951194c983a0a]最后一次发送心跳时间为2019-12-21T21:05:10+08:00, 已超过离线时间5分钟 
2019/12/28 12:46:07.898 [I] [alarm.go:89]  通知次数(2)超过限制(2), 终端[95ac60e31db24016a073c523de1b404a]最后一次发送心跳时间为2019-12-21T22:09:13+08:00, 已超过离线时间5分钟 
2019/12/28 12:46:10.897 [D] [alarm.go:74]  离线告警 2019-12-28 12:46:10.8973584 +0800 CST m=+12.105432501 
2019/12/28 12:46:10.899 [I] [alarm.go:89]  通知次数(2)超过限制(2), 终端[d1782f7aae5b409b86abc4214c40b01a]最后一次发送心跳时间为2019-12-21T16:23:27+08:00, 已超过离线时间5分钟 
2019/12/28 12:46:10.900 [I] [alarm.go:89]  通知次数(2)超过限制(2), 终端[fa429c96bd5844cc820951194c983a0a]最后一次发送心跳时间为2019-12-21T21:05:10+08:00, 已超过离线时间5分钟 
2019/12/28 12:46:10.901 [I] [alarm.go:89]  通知次数(2)超过限制(2), 终端[95ac60e31db24016a073c523de1b404a]最后一次发送心跳时间为2019-12-21T22:09:13+08:00, 已超过离线时间5分钟 
2019/12/28 12:46:13.896 [D] [alarm.go:74]  离线告警 2019-12-28 12:46:13.8968141 +0800 CST m=+15.104888201 
2019/12/28 12:46:13.898 [I] [alarm.go:89]  通知次数(2)超过限制(2), 终端[d1782f7aae5b409b86abc4214c40b01a]最后一次发送心跳时间为2019-12-21T16:23:27+08:00, 已超过离线时间5分钟 
2019/12/28 12:46:13.899 [I] [alarm.go:89]  通知次数(2)超过限制(2), 终端[fa429c96bd5844cc820951194c983a0a]最后一次发送心跳时间为2019-12-21T21:05:10+08:00, 已超过离线时间5分钟 
2019/12/28 12:46:13.900 [I] [alarm.go:89]  通知次数(2)超过限制(2), 终端[95ac60e31db24016a073c523de1b404a]最后一次发送心跳时间为2019-12-21T22:09:13+08:00, 已超过离线时间5分钟 
2019/12/28 12:46:16.896 [D] [alarm.go:74]  离线告警 2019-12-28 12:46:16.8966775 +0800 CST m=+18.104751601 
2019/12/28 12:46:16.897 [I] [alarm.go:89]  通知次数(2)超过限制(2), 终端[d1782f7aae5b409b86abc4214c40b01a]最后一次发送心跳时间为2019-12-21T16:23:27+08:00, 已超过离线时间5分钟 
2019/12/28 12:46:16.898 [I] [alarm.go:89]  通知次数(2)超过限制(2), 终端[fa429c96bd5844cc820951194c983a0a]最后一次发送心跳时间为2019-12-21T21:05:10+08:00, 已超过离线时间5分钟 
2019/12/28 12:46:16.898 [I] [alarm.go:89]  通知次数(2)超过限制(2), 终端[95ac60e31db24016a073c523de1b404a]最后一次发送心跳时间为2019-12-21T22:09:13+08:00, 已超过离线时间5分钟 
2019/12/28 12:46:19.897 [D] [alarm.go:74]  离线告警 2019-12-28 12:46:19.8971583 +0800 CST m=+21.105232401 
2019/12/28 12:46:19.897 [I] [alarm.go:89]  通知次数(2)超过限制(2), 终端[d1782f7aae5b409b86abc4214c40b01a]最后一次发送心跳时间为2019-12-21T16:23:27+08:00, 已超过离线时间5分钟 
2019/12/28 12:46:19.897 [I] [alarm.go:89]  通知次数(2)超过限制(2), 终端[fa429c96bd5844cc820951194c983a0a]最后一次发送心跳时间为2019-12-21T21:05:10+08:00, 已超过离线时间5分钟 
2019/12/28 12:46:19.898 [I] [alarm.go:89]  通知次数(2)超过限制(2), 终端[95ac60e31db24016a073c523de1b404a]最后一次发送心跳时间为2019-12-21T22:09:13+08:00, 已超过离线时间5分钟 
2019/12/28 12:46:22.897 [D] [alarm.go:74]  离线告警 2019-12-28 12:46:22.8971001 +0800 CST m=+24.105174201 
2019/12/28 12:46:22.899 [I] [alarm.go:89]  通知次数(2)超过限制(2), 终端[d1782f7aae5b409b86abc4214c40b01a]最后一次发送心跳时间为2019-12-21T16:23:27+08:00, 已超过离线时间5分钟 
2019/12/28 12:46:22.899 [I] [alarm.go:89]  通知次数(2)超过限制(2), 终端[fa429c96bd5844cc820951194c983a0a]最后一次发送心跳时间为2019-12-21T21:05:10+08:00, 已超过离线时间5分钟 
2019/12/28 12:46:22.899 [I] [alarm.go:89]  通知次数(2)超过限制(2), 终端[95ac60e31db24016a073c523de1b404a]最后一次发送心跳时间为2019-12-21T22:09:13+08:00, 已超过离线时间5分钟 
2019/12/28 12:46:25.896 [D] [alarm.go:74]  离线告警 2019-12-28 12:46:25.8969809 +0800 CST m=+27.105055001 
2019/12/28 12:46:25.900 [I] [alarm.go:89]  通知次数(2)超过限制(2), 终端[d1782f7aae5b409b86abc4214c40b01a]最后一次发送心跳时间为2019-12-21T16:23:27+08:00, 已超过离线时间5分钟 
2019/12/28 12:46:25.900 [I] [alarm.go:89]  通知次数(2)超过限制(2), 终端[fa429c96bd5844cc820951194c983a0a]最后一次发送心跳时间为2019-12-21T21:05:10+08:00, 已超过离线时间5分钟 
2019/12/28 12:46:25.902 [I] [alarm.go:89]  通知次数(2)超过限制(2), 终端[95ac60e31db24016a073c523de1b404a]最后一次发送心跳时间为2019-12-21T22:09:13+08:00, 已超过离线时间5分钟 
2019/12/28 12:46:28.897 [D] [alarm.go:74]  离线告警 2019-12-28 12:46:28.8979546 +0800 CST m=+30.106028701 
2019/12/28 12:46:28.899 [I] [alarm.go:89]  通知次数(2)超过限制(2), 终端[d1782f7aae5b409b86abc4214c40b01a]最后一次发送心跳时间为2019-12-21T16:23:27+08:00, 已超过离线时间5分钟 
2019/12/28 12:46:28.900 [I] [alarm.go:89]  通知次数(2)超过限制(2), 终端[fa429c96bd5844cc820951194c983a0a]最后一次发送心跳时间为2019-12-21T21:05:10+08:00, 已超过离线时间5分钟 
2019/12/28 12:46:28.901 [I] [alarm.go:89]  通知次数(2)超过限制(2), 终端[95ac60e31db24016a073c523de1b404a]最后一次发送心跳时间为2019-12-21T22:09:13+08:00, 已超过离线时间5分钟 
2019/12/28 12:46:31.897 [D] [alarm.go:74]  离线告警 2019-12-28 12:46:31.897047 +0800 CST m=+33.105121101 
2019/12/28 12:46:31.901 [I] [alarm.go:89]  通知次数(2)超过限制(2), 终端[d1782f7aae5b409b86abc4214c40b01a]最后一次发送心跳时间为2019-12-21T16:23:27+08:00, 已超过离线时间5分钟 
2019/12/28 12:46:31.903 [I] [alarm.go:89]  通知次数(2)超过限制(2), 终端[fa429c96bd5844cc820951194c983a0a]最后一次发送心跳时间为2019-12-21T21:05:10+08:00, 已超过离线时间5分钟 
2019/12/28 12:46:31.904 [I] [alarm.go:89]  通知次数(2)超过限制(2), 终端[95ac60e31db24016a073c523de1b404a]最后一次发送心跳时间为2019-12-21T22:09:13+08:00, 已超过离线时间5分钟 
2019/12/28 12:46:34.896 [D] [alarm.go:74]  离线告警 2019-12-28 12:46:34.8969096 +0800 CST m=+36.104983701 
2019/12/28 12:46:34.896 [I] [alarm.go:89]  通知次数(2)超过限制(2), 终端[d1782f7aae5b409b86abc4214c40b01a]最后一次发送心跳时间为2019-12-21T16:23:27+08:00, 已超过离线时间5分钟 
2019/12/28 12:46:34.897 [I] [alarm.go:89]  通知次数(2)超过限制(2), 终端[fa429c96bd5844cc820951194c983a0a]最后一次发送心跳时间为2019-12-21T21:05:10+08:00, 已超过离线时间5分钟 
2019/12/28 12:46:34.897 [I] [alarm.go:89]  通知次数(2)超过限制(2), 终端[95ac60e31db24016a073c523de1b404a]最后一次发送心跳时间为2019-12-21T22:09:13+08:00, 已超过离线时间5分钟 
2019/12/28 12:46:37.897 [D] [alarm.go:74]  离线告警 2019-12-28 12:46:37.8975864 +0800 CST m=+39.105660501 
2019/12/28 12:46:37.899 [I] [alarm.go:89]  通知次数(2)超过限制(2), 终端[d1782f7aae5b409b86abc4214c40b01a]最后一次发送心跳时间为2019-12-21T16:23:27+08:00, 已超过离线时间5分钟 
2019/12/28 12:46:37.900 [I] [alarm.go:89]  通知次数(2)超过限制(2), 终端[fa429c96bd5844cc820951194c983a0a]最后一次发送心跳时间为2019-12-21T21:05:10+08:00, 已超过离线时间5分钟 
2019/12/28 12:46:37.900 [I] [alarm.go:89]  通知次数(2)超过限制(2), 终端[95ac60e31db24016a073c523de1b404a]最后一次发送心跳时间为2019-12-21T22:09:13+08:00, 已超过离线时间5分钟 
2019/12/28 12:46:40.896 [D] [alarm.go:74]  离线告警 2019-12-28 12:46:40.8967189 +0800 CST m=+42.104793001 
2019/12/28 12:46:40.896 [I] [alarm.go:89]  通知次数(2)超过限制(2), 终端[d1782f7aae5b409b86abc4214c40b01a]最后一次发送心跳时间为2019-12-21T16:23:27+08:00, 已超过离线时间5分钟 
2019/12/28 12:46:40.897 [I] [alarm.go:89]  通知次数(2)超过限制(2), 终端[fa429c96bd5844cc820951194c983a0a]最后一次发送心跳时间为2019-12-21T21:05:10+08:00, 已超过离线时间5分钟 
2019/12/28 12:46:40.897 [I] [alarm.go:89]  通知次数(2)超过限制(2), 终端[95ac60e31db24016a073c523de1b404a]最后一次发送心跳时间为2019-12-21T22:09:13+08:00, 已超过离线时间5分钟 
2019/12/28 12:46:43.897 [D] [alarm.go:74]  离线告警 2019-12-28 12:46:43.8977654 +0800 CST m=+45.105839501 
2019/12/28 12:46:43.898 [I] [alarm.go:89]  通知次数(2)超过限制(2), 终端[d1782f7aae5b409b86abc4214c40b01a]最后一次发送心跳时间为2019-12-21T16:23:27+08:00, 已超过离线时间5分钟 
2019/12/28 12:46:43.899 [I] [alarm.go:89]  通知次数(2)超过限制(2), 终端[fa429c96bd5844cc820951194c983a0a]最后一次发送心跳时间为2019-12-21T21:05:10+08:00, 已超过离线时间5分钟 
2019/12/28 12:46:43.900 [I] [alarm.go:89]  通知次数(2)超过限制(2), 终端[95ac60e31db24016a073c523de1b404a]最后一次发送心跳时间为2019-12-21T22:09:13+08:00, 已超过离线时间5分钟 
2019/12/28 12:46:46.898 [D] [alarm.go:74]  离线告警 2019-12-28 12:46:46.8985061 +0800 CST m=+48.106580201 
2019/12/28 12:46:46.899 [I] [alarm.go:89]  通知次数(2)超过限制(2), 终端[d1782f7aae5b409b86abc4214c40b01a]最后一次发送心跳时间为2019-12-21T16:23:27+08:00, 已超过离线时间5分钟 
2019/12/28 12:46:46.899 [I] [alarm.go:89]  通知次数(2)超过限制(2), 终端[fa429c96bd5844cc820951194c983a0a]最后一次发送心跳时间为2019-12-21T21:05:10+08:00, 已超过离线时间5分钟 
2019/12/28 12:46:50.621 [I] [alarm.go:94]  终端离线告警:  终端[95ac60e31db24016a073c523de1b404a]最后一次发送心跳时间为2019-12-21T22:09:13+08:00, 已超过离线时间5分钟 , email通知: <nil> 
2019/12/28 12:46:50.627 [D] [alarm.go:74]  离线告警 2019-12-28 12:46:49.8972948 +0800 CST m=+51.105368901 
2019/12/28 12:46:50.632 [I] [alarm.go:89]  通知次数(2)超过限制(2), 终端[d1782f7aae5b409b86abc4214c40b01a]最后一次发送心跳时间为2019-12-21T16:23:27+08:00, 已超过离线时间5分钟 
2019/12/28 12:46:50.634 [I] [alarm.go:89]  通知次数(2)超过限制(2), 终端[fa429c96bd5844cc820951194c983a0a]最后一次发送心跳时间为2019-12-21T21:05:10+08:00, 已超过离线时间5分钟 
2019/12/28 12:46:50.635 [I] [alarm.go:89]  通知次数(2)超过限制(2), 终端[95ac60e31db24016a073c523de1b404a]最后一次发送心跳时间为2019-12-21T22:09:13+08:00, 已超过离线时间5分钟 
2019/12/28 12:46:52.897 [D] [alarm.go:74]  离线告警 2019-12-28 12:46:52.8970933 +0800 CST m=+54.105167401 
2019/12/28 12:46:52.897 [I] [alarm.go:89]  通知次数(2)超过限制(2), 终端[d1782f7aae5b409b86abc4214c40b01a]最后一次发送心跳时间为2019-12-21T16:23:27+08:00, 已超过离线时间5分钟 
2019/12/28 12:46:52.897 [I] [alarm.go:89]  通知次数(2)超过限制(2), 终端[fa429c96bd5844cc820951194c983a0a]最后一次发送心跳时间为2019-12-21T21:05:10+08:00, 已超过离线时间5分钟 
2019/12/28 12:46:52.898 [I] [alarm.go:89]  通知次数(2)超过限制(2), 终端[95ac60e31db24016a073c523de1b404a]最后一次发送心跳时间为2019-12-21T22:09:13+08:00, 已超过离线时间5分钟 
2019/12/28 12:46:55.898 [D] [alarm.go:74]  离线告警 2019-12-28 12:46:55.8978288 +0800 CST m=+57.105902901 
2019/12/28 12:46:55.908 [I] [alarm.go:89]  通知次数(2)超过限制(2), 终端[d1782f7aae5b409b86abc4214c40b01a]最后一次发送心跳时间为2019-12-21T16:23:27+08:00, 已超过离线时间5分钟 
2019/12/28 12:46:55.916 [I] [alarm.go:89]  通知次数(2)超过限制(2), 终端[fa429c96bd5844cc820951194c983a0a]最后一次发送心跳时间为2019-12-21T21:05:10+08:00, 已超过离线时间5分钟 
2019/12/28 12:46:55.918 [I] [alarm.go:89]  通知次数(2)超过限制(2), 终端[95ac60e31db24016a073c523de1b404a]最后一次发送心跳时间为2019-12-21T22:09:13+08:00, 已超过离线时间5分钟 
2019/12/28 15:33:19.790 [D] [alarm.go:88]  离线告警 2019-12-28 15:33:19.7894165 +0800 CST m=+4.471114601 
2019/12/28 15:33:23.705 [I] [alarm.go:112]  终端离线告警:  终端[d1782f7aae5b409b86abc4214c40b01a]最后一次发送心跳时间为2019-12-21T16:23:27+08:00, 已超过离线时间5分钟 , email通知: <nil> , sms通知: [TencentCloudSDKError] Code=AuthFailure.SignatureFailure, Message=请求签名验证失败，请检查您的签名计算是否正确。, RequestId=3ea94d57-fe54-423a-8180-0a8e06869c96 
2019/12/28 15:33:26.025 [I] [alarm.go:112]  终端离线告警:  终端[fa429c96bd5844cc820951194c983a0a]最后一次发送心跳时间为2019-12-21T21:05:10+08:00, 已超过离线时间5分钟 , email通知: <nil> , sms通知: [TencentCloudSDKError] Code=AuthFailure.SignatureFailure, Message=请求签名验证失败，请检查您的签名计算是否正确。, RequestId=e9b296b4-2982-4070-91ad-88686a828ee0 
2019/12/28 15:33:29.002 [I] [alarm.go:112]  终端离线告警:  终端[95ac60e31db24016a073c523de1b404a]最后一次发送心跳时间为2019-12-21T22:09:13+08:00, 已超过离线时间5分钟 , email通知: <nil> , sms通知: [TencentCloudSDKError] Code=AuthFailure.SignatureFailure, Message=请求签名验证失败，请检查您的签名计算是否正确。, RequestId=91cbae9f-13ee-43c6-a05a-11d73f93067e 
2019/12/28 15:33:32.168 [I] [alarm.go:112]  终端离线告警:  终端[7867958d54e343c79c4fcb0495bd5b92]最后一次发送心跳时间为2019-12-28T13:30:45+08:00, 已超过离线时间5分钟 , email通知: <nil> , sms通知: [TencentCloudSDKError] Code=AuthFailure.SignatureFailure, Message=请求签名验证失败，请检查您的签名计算是否正确。, RequestId=d9364972-489b-4ac9-84eb-d28f1bb2a7a1 
2019/12/28 15:33:32.169 [D] [alarm.go:88]  离线告警 2019-12-28 15:33:22.7872304 +0800 CST m=+7.468928501 
2019/12/28 15:33:34.955 [I] [alarm.go:112]  终端离线告警:  终端[d1782f7aae5b409b86abc4214c40b01a]最后一次发送心跳时间为2019-12-21T16:23:27+08:00, 已超过离线时间5分钟 , email通知: <nil> , sms通知: [TencentCloudSDKError] Code=AuthFailure.SignatureFailure, Message=请求签名验证失败，请检查您的签名计算是否正确。, RequestId=603451fa-d16b-4062-867d-13b23e364611 
2019/12/28 15:39:10.457 [D] [alarm.go:88]  离线告警 2019-12-28 15:39:10.4572712 +0800 CST m=+3.228471901 
2019/12/28 15:39:13.928 [I] [alarm.go:112]  终端离线告警:  终端[7867958d54e343c79c4fcb0495bd5b92]最后一次发送心跳时间为2019-12-28T13:30:45+08:00, 已超过离线时间5分钟 , email通知: <nil> , sms通知: [TencentCloudSDKError] Code=AuthFailure.SignatureFailure, Message=请求签名验证失败，请检查您的签名计算是否正确。, RequestId=e8802fc4-bb70-4caa-ab00-78b763f70fa3 
2019/12/28 15:39:13.930 [D] [alarm.go:88]  离线告警 2019-12-28 15:39:13.4576328 +0800 CST m=+6.228833501 
2019/12/28 15:39:13.930 [I] [alarm.go:103]  通知次数(2)超过限制(2), 终端[7867958d54e343c79c4fcb0495bd5b92]最后一次发送心跳时间为2019-12-28T13:30:45+08:00, 已超过离线时间5分钟 
2019/12/28 15:39:16.458 [D] [alarm.go:88]  离线告警 2019-12-28 15:39:16.458048 +0800 CST m=+9.229248701 
2019/12/28 15:39:16.460 [I] [alarm.go:103]  通知次数(2)超过限制(2), 终端[7867958d54e343c79c4fcb0495bd5b92]最后一次发送心跳时间为2019-12-28T13:30:45+08:00, 已超过离线时间5分钟 
2019/12/28 15:39:19.459 [D] [alarm.go:88]  离线告警 2019-12-28 15:39:19.4591184 +0800 CST m=+12.230319101 
2019/12/28 15:39:19.460 [I] [alarm.go:103]  通知次数(2)超过限制(2), 终端[7867958d54e343c79c4fcb0495bd5b92]最后一次发送心跳时间为2019-12-28T13:30:45+08:00, 已超过离线时间5分钟 
2019/12/28 15:39:22.457 [D] [alarm.go:88]  离线告警 2019-12-28 15:39:22.4579961 +0800 CST m=+15.229196801 
2019/12/28 15:39:22.460 [I] [alarm.go:103]  通知次数(2)超过限制(2), 终端[7867958d54e343c79c4fcb0495bd5b92]最后一次发送心跳时间为2019-12-28T13:30:45+08:00, 已超过离线时间5分钟 
2019/12/28 15:39:25.457 [D] [alarm.go:88]  离线告警 2019-12-28 15:39:25.4573412 +0800 CST m=+18.228541901 
2019/12/28 15:39:25.463 [I] [alarm.go:103]  通知次数(2)超过限制(2), 终端[7867958d54e343c79c4fcb0495bd5b92]最后一次发送心跳时间为2019-12-28T13:30:45+08:00, 已超过离线时间5分钟 
2019/12/28 15:39:28.458 [D] [alarm.go:88]  离线告警 2019-12-28 15:39:28.4586109 +0800 CST m=+21.229811601 
2019/12/28 15:39:28.458 [I] [alarm.go:103]  通知次数(2)超过限制(2), 终端[7867958d54e343c79c4fcb0495bd5b92]最后一次发送心跳时间为2019-12-28T13:30:45+08:00, 已超过离线时间5分钟 
2019/12/28 15:39:31.458 [D] [alarm.go:88]  离线告警 2019-12-28 15:39:31.4589078 +0800 CST m=+24.230108501 
2019/12/28 15:39:31.459 [I] [alarm.go:103]  通知次数(2)超过限制(2), 终端[7867958d54e343c79c4fcb0495bd5b92]最后一次发送心跳时间为2019-12-28T13:30:45+08:00, 已超过离线时间5分钟 
2019/12/28 15:39:34.459 [D] [alarm.go:88]  离线告警 2019-12-28 15:39:34.459565 +0800 CST m=+27.230765701 
2019/12/28 15:39:34.460 [I] [alarm.go:103]  通知次数(2)超过限制(2), 终端[7867958d54e343c79c4fcb0495bd5b92]最后一次发送心跳时间为2019-12-28T13:30:45+08:00, 已超过离线时间5分钟 
2019/12/28 15:40:05.236 [D] [alarm.go:88]  离线告警 2019-12-28 15:40:05.2365407 +0800 CST m=+3.228224601 
2019/12/28 15:40:05.243 [I] [alarm.go:103]  通知次数(2)超过限制(2), 终端[7867958d54e343c79c4fcb0495bd5b92]最后一次发送心跳时间为2019-12-28T13:30:45+08:00, 已超过离线时间5分钟 
2019/12/28 15:40:08.237 [D] [alarm.go:88]  离线告警 2019-12-28 15:40:08.2368611 +0800 CST m=+6.228545001 
2019/12/28 15:40:08.280 [I] [alarm.go:103]  通知次数(2)超过限制(2), 终端[7867958d54e343c79c4fcb0495bd5b92]最后一次发送心跳时间为2019-12-28T13:30:45+08:00, 已超过离线时间5分钟 
2019/12/28 15:40:11.237 [D] [alarm.go:88]  离线告警 2019-12-28 15:40:11.2373604 +0800 CST m=+9.229044301 
2019/12/28 15:40:11.242 [I] [alarm.go:103]  通知次数(2)超过限制(2), 终端[7867958d54e343c79c4fcb0495bd5b92]最后一次发送心跳时间为2019-12-28T13:30:45+08:00, 已超过离线时间5分钟 
2019/12/28 15:40:14.241 [D] [alarm.go:88]  离线告警 2019-12-28 15:40:14.2396922 +0800 CST m=+12.231376101 
2019/12/28 15:40:14.265 [I] [alarm.go:103]  通知次数(2)超过限制(2), 终端[7867958d54e343c79c4fcb0495bd5b92]最后一次发送心跳时间为2019-12-28T13:30:45+08:00, 已超过离线时间5分钟 
2019/12/28 15:40:17.237 [D] [alarm.go:88]  离线告警 2019-12-28 15:40:17.2372335 +0800 CST m=+15.228917401 
2019/12/28 15:42:20.057 [D] [alarm.go:88]  离线告警 2019-12-28 15:42:20.0570603 +0800 CST m=+3.225654601 
2019/12/28 15:42:23.244 [I] [alarm.go:112]  终端离线告警:  终端[7867958d54e343c79c4fcb0495bd5b92]最后一次发送心跳时间为2019-12-28T13:30:45+08:00, 已超过离线时间5分钟 , email通知: <nil> , sms通知: [TencentCloudSDKError] Code=AuthFailure.SignatureFailure, Message=请求签名验证失败，请检查您的签名计算是否正确。, RequestId=195e6264-24df-4b1b-84a5-762fc6bb29bc 
2019/12/28 15:42:23.250 [D] [alarm.go:88]  离线告警 2019-12-28 15:42:23.0566959 +0800 CST m=+6.225290201 
2019/12/28 15:42:25.832 [I] [alarm.go:112]  终端离线告警:  终端[7867958d54e343c79c4fcb0495bd5b92]最后一次发送心跳时间为2019-12-28T13:30:45+08:00, 已超过离线时间5分钟 , email通知: <nil> , sms通知: [TencentCloudSDKError] Code=AuthFailure.SignatureFailure, Message=请求签名验证失败，请检查您的签名计算是否正确。, RequestId=42496d91-2bd7-4dd9-9791-32422843049f 
2019/12/28 15:42:26.056 [D] [alarm.go:88]  离线告警 2019-12-28 15:42:26.0562068 +0800 CST m=+9.224801101 
2019/12/28 15:42:26.058 [I] [alarm.go:103]  通知次数(2)超过限制(2), 终端[7867958d54e343c79c4fcb0495bd5b92]最后一次发送心跳时间为2019-12-28T13:30:45+08:00, 已超过离线时间5分钟 
2019/12/28 15:42:29.057 [D] [alarm.go:88]  离线告警 2019-12-28 15:42:29.0574059 +0800 CST m=+12.226000201 
2019/12/28 15:42:29.061 [I] [alarm.go:103]  通知次数(2)超过限制(2), 终端[7867958d54e343c79c4fcb0495bd5b92]最后一次发送心跳时间为2019-12-28T13:30:45+08:00, 已超过离线时间5分钟 
2019/12/28 15:42:32.056 [D] [alarm.go:88]  离线告警 2019-12-28 15:42:32.0566866 +0800 CST m=+15.225280901 
2019/12/28 15:42:32.067 [I] [alarm.go:103]  通知次数(2)超过限制(2), 终端[7867958d54e343c79c4fcb0495bd5b92]最后一次发送心跳时间为2019-12-28T13:30:45+08:00, 已超过离线时间5分钟 
2019/12/28 15:42:35.056 [D] [alarm.go:88]  离线告警 2019-12-28 15:42:35.0565352 +0800 CST m=+18.225129501 
2019/12/28 15:42:35.057 [I] [alarm.go:103]  通知次数(2)超过限制(2), 终端[7867958d54e343c79c4fcb0495bd5b92]最后一次发送心跳时间为2019-12-28T13:30:45+08:00, 已超过离线时间5分钟 
2019/12/28 15:42:38.057 [D] [alarm.go:88]  离线告警 2019-12-28 15:42:38.0577005 +0800 CST m=+21.226294801 
2019/12/28 15:42:38.059 [I] [alarm.go:103]  通知次数(2)超过限制(2), 终端[7867958d54e343c79c4fcb0495bd5b92]最后一次发送心跳时间为2019-12-28T13:30:45+08:00, 已超过离线时间5分钟 
2019/12/28 15:47:17.585 [D] [alarm.go:90]  离线告警 2019-12-28 15:47:17.585234 +0800 CST m=+3.134105201 
2019/12/28 15:47:17.594 [I] [alarm.go:105]  通知次数(2)超过限制(2), 终端[7867958d54e343c79c4fcb0495bd5b92]最后一次发送心跳时间为2019-12-28T13:30:45+08:00, 已超过离线时间5分钟 
2019/12/28 15:47:20.586 [D] [alarm.go:90]  离线告警 2019-12-28 15:47:20.5866276 +0800 CST m=+6.135498801 
2019/12/28 15:47:20.590 [I] [alarm.go:105]  通知次数(2)超过限制(2), 终端[7867958d54e343c79c4fcb0495bd5b92]最后一次发送心跳时间为2019-12-28T13:30:45+08:00, 已超过离线时间5分钟 
2019/12/28 15:47:23.586 [D] [alarm.go:90]  离线告警 2019-12-28 15:47:23.5866698 +0800 CST m=+9.135541001 
2019/12/28 15:47:23.587 [I] [alarm.go:105]  通知次数(2)超过限制(2), 终端[7867958d54e343c79c4fcb0495bd5b92]最后一次发送心跳时间为2019-12-28T13:30:45+08:00, 已超过离线时间5分钟 
2019/12/28 15:47:26.585 [D] [alarm.go:90]  离线告警 2019-12-28 15:47:26.5856467 +0800 CST m=+12.134517901 
2019/12/28 15:47:26.585 [I] [alarm.go:105]  通知次数(2)超过限制(2), 终端[7867958d54e343c79c4fcb0495bd5b92]最后一次发送心跳时间为2019-12-28T13:30:45+08:00, 已超过离线时间5分钟 
2019/12/28 15:47:29.585 [D] [alarm.go:90]  离线告警 2019-12-28 15:47:29.5850444 +0800 CST m=+15.133915601 
2019/12/28 15:47:29.585 [I] [alarm.go:105]  通知次数(2)超过限制(2), 终端[7867958d54e343c79c4fcb0495bd5b92]最后一次发送心跳时间为2019-12-28T13:30:45+08:00, 已超过离线时间5分钟 
2019/12/28 15:47:32.586 [D] [alarm.go:90]  离线告警 2019-12-28 15:47:32.586698 +0800 CST m=+18.135569201 
2019/12/28 15:47:32.588 [I] [alarm.go:105]  通知次数(2)超过限制(2), 终端[7867958d54e343c79c4fcb0495bd5b92]最后一次发送心跳时间为2019-12-28T13:30:45+08:00, 已超过离线时间5分钟 
2019/12/28 15:47:35.585 [D] [alarm.go:90]  离线告警 2019-12-28 15:47:35.5856054 +0800 CST m=+21.134476601 
2019/12/28 15:47:35.585 [I] [alarm.go:105]  通知次数(2)超过限制(2), 终端[7867958d54e343c79c4fcb0495bd5b92]最后一次发送心跳时间为2019-12-28T13:30:45+08:00, 已超过离线时间5分钟 
2019/12/28 15:47:38.584 [D] [alarm.go:90]  离线告警 2019-12-28 15:47:38.5847966 +0800 CST m=+24.133667801 
2019/12/28 15:47:38.585 [I] [alarm.go:105]  通知次数(2)超过限制(2), 终端[7867958d54e343c79c4fcb0495bd5b92]最后一次发送心跳时间为2019-12-28T13:30:45+08:00, 已超过离线时间5分钟 
2019/12/28 15:47:41.586 [D] [alarm.go:90]  离线告警 2019-12-28 15:47:41.5860478 +0800 CST m=+27.134919001 
2019/12/28 15:47:41.586 [I] [alarm.go:105]  通知次数(2)超过限制(2), 终端[7867958d54e343c79c4fcb0495bd5b92]最后一次发送心跳时间为2019-12-28T13:30:45+08:00, 已超过离线时间5分钟 
2019/12/28 15:47:44.584 [D] [alarm.go:90]  离线告警 2019-12-28 15:47:44.5849219 +0800 CST m=+30.133793101 
2019/12/28 15:47:44.584 [I] [alarm.go:105]  通知次数(2)超过限制(2), 终端[7867958d54e343c79c4fcb0495bd5b92]最后一次发送心跳时间为2019-12-28T13:30:45+08:00, 已超过离线时间5分钟 
2019/12/28 15:47:47.588 [D] [alarm.go:90]  离线告警 2019-12-28 15:47:47.5884901 +0800 CST m=+33.137361301 
2019/12/28 15:47:47.590 [I] [alarm.go:105]  通知次数(2)超过限制(2), 终端[7867958d54e343c79c4fcb0495bd5b92]最后一次发送心跳时间为2019-12-28T13:30:45+08:00, 已超过离线时间5分钟 
2019/12/28 15:47:50.585 [D] [alarm.go:90]  离线告警 2019-12-28 15:47:50.5854113 +0800 CST m=+36.134282501 
2019/12/28 15:47:50.587 [I] [alarm.go:105]  通知次数(2)超过限制(2), 终端[7867958d54e343c79c4fcb0495bd5b92]最后一次发送心跳时间为2019-12-28T13:30:45+08:00, 已超过离线时间5分钟 
2019/12/28 15:47:53.586 [D] [alarm.go:90]  离线告警 2019-12-28 15:47:53.5867498 +0800 CST m=+39.135621001 
2019/12/28 15:47:53.591 [I] [alarm.go:105]  通知次数(2)超过限制(2), 终端[7867958d54e343c79c4fcb0495bd5b92]最后一次发送心跳时间为2019-12-28T13:30:45+08:00, 已超过离线时间5分钟 
2019/12/28 15:49:14.904 [D] [alarm.go:90]  离线告警 2019-12-28 15:49:14.9048242 +0800 CST m=+3.291999701 
2019/12/28 15:49:14.906 [I] [alarm.go:105]  通知次数(2)超过限制(2), 终端[7867958d54e343c79c4fcb0495bd5b92]最后一次发送心跳时间为2019-12-28T13:30:45+08:00, 已超过离线时间5分钟 
2019/12/28 15:50:21.057 [D] [alarm.go:90]  离线告警 2019-12-28 15:50:21.057718 +0800 CST m=+3.153673801 
2019/12/28 15:50:21.060 [I] [alarm.go:105]  通知次数(2)超过限制(2), 终端[7867958d54e343c79c4fcb0495bd5b92]最后一次发送心跳时间为2019-12-28T13:30:45+08:00, 已超过离线时间5分钟 
2019/12/28 15:50:24.058 [D] [alarm.go:90]  离线告警 2019-12-28 15:50:24.0589827 +0800 CST m=+6.154938501 
2019/12/28 15:50:24.059 [I] [alarm.go:105]  通知次数(2)超过限制(2), 终端[7867958d54e343c79c4fcb0495bd5b92]最后一次发送心跳时间为2019-12-28T13:30:45+08:00, 已超过离线时间5分钟 
2019/12/28 15:52:33.787 [D] [alarm.go:90]  离线告警 2019-12-28 15:52:33.7874927 +0800 CST m=+3.139489001 
2019/12/28 15:52:33.789 [I] [alarm.go:105]  通知次数(2)超过限制(2), 终端[7867958d54e343c79c4fcb0495bd5b92]最后一次发送心跳时间为2019-12-28T13:30:45+08:00, 已超过离线时间5分钟 
2019/12/28 15:52:36.787 [D] [alarm.go:90]  离线告警 2019-12-28 15:52:36.7875095 +0800 CST m=+6.139505801 
2019/12/28 15:52:36.787 [I] [alarm.go:105]  通知次数(2)超过限制(2), 终端[7867958d54e343c79c4fcb0495bd5b92]最后一次发送心跳时间为2019-12-28T13:30:45+08:00, 已超过离线时间5分钟 
2019/12/28 15:52:39.786 [D] [alarm.go:90]  离线告警 2019-12-28 15:52:39.7867175 +0800 CST m=+9.138713801 
2019/12/28 15:52:39.787 [I] [alarm.go:105]  通知次数(2)超过限制(2), 终端[7867958d54e343c79c4fcb0495bd5b92]最后一次发送心跳时间为2019-12-28T13:30:45+08:00, 已超过离线时间5分钟 
2019/12/28 15:52:42.787 [D] [alarm.go:90]  离线告警 2019-12-28 15:52:42.7878281 +0800 CST m=+12.139824401 
2019/12/28 15:52:42.787 [I] [alarm.go:105]  通知次数(2)超过限制(2), 终端[7867958d54e343c79c4fcb0495bd5b92]最后一次发送心跳时间为2019-12-28T13:30:45+08:00, 已超过离线时间5分钟 
2019/12/28 15:52:45.787 [D] [alarm.go:90]  离线告警 2019-12-28 15:52:45.787194 +0800 CST m=+15.139190301 
2019/12/28 15:52:45.788 [I] [alarm.go:105]  通知次数(2)超过限制(2), 终端[7867958d54e343c79c4fcb0495bd5b92]最后一次发送心跳时间为2019-12-28T13:30:45+08:00, 已超过离线时间5分钟 
2019/12/28 15:52:48.787 [D] [alarm.go:90]  离线告警 2019-12-28 15:52:48.7872503 +0800 CST m=+18.139246601 
2019/12/28 15:52:48.790 [I] [alarm.go:105]  通知次数(2)超过限制(2), 终端[7867958d54e343c79c4fcb0495bd5b92]最后一次发送心跳时间为2019-12-28T13:30:45+08:00, 已超过离线时间5分钟 
2019/12/28 15:52:51.787 [D] [alarm.go:90]  离线告警 2019-12-28 15:52:51.7875289 +0800 CST m=+21.139525201 
2019/12/28 15:52:51.789 [I] [alarm.go:105]  通知次数(2)超过限制(2), 终端[7867958d54e343c79c4fcb0495bd5b92]最后一次发送心跳时间为2019-12-28T13:30:45+08:00, 已超过离线时间5分钟 
2019/12/28 15:52:54.787 [D] [alarm.go:90]  离线告警 2019-12-28 15:52:54.7874013 +0800 CST m=+24.139397601 
2019/12/28 15:52:54.790 [I] [alarm.go:105]  通知次数(2)超过限制(2), 终端[7867958d54e343c79c4fcb0495bd5b92]最后一次发送心跳时间为2019-12-28T13:30:45+08:00, 已超过离线时间5分钟 
2019/12/28 15:52:57.788 [D] [alarm.go:90]  离线告警 2019-12-28 15:52:57.7885419 +0800 CST m=+27.140538201 
2019/12/28 15:52:57.789 [I] [alarm.go:105]  通知次数(2)超过限制(2), 终端[7867958d54e343c79c4fcb0495bd5b92]最后一次发送心跳时间为2019-12-28T13:30:45+08:00, 已超过离线时间5分钟 
2019/12/28 15:53:00.786 [D] [alarm.go:90]  离线告警 2019-12-28 15:53:00.7866802 +0800 CST m=+30.138676501 
2019/12/28 15:53:00.789 [I] [alarm.go:105]  通知次数(2)超过限制(2), 终端[7867958d54e343c79c4fcb0495bd5b92]最后一次发送心跳时间为2019-12-28T13:30:45+08:00, 已超过离线时间5分钟 
2019/12/28 15:53:03.787 [D] [alarm.go:90]  离线告警 2019-12-28 15:53:03.7878498 +0800 CST m=+33.139846101 
2019/12/28 15:53:03.788 [I] [alarm.go:105]  通知次数(2)超过限制(2), 终端[7867958d54e343c79c4fcb0495bd5b92]最后一次发送心跳时间为2019-12-28T13:30:45+08:00, 已超过离线时间5分钟 
2019/12/28 15:53:06.788 [D] [alarm.go:90]  离线告警 2019-12-28 15:53:06.7884025 +0800 CST m=+36.140398801 
2019/12/28 15:53:06.789 [I] [alarm.go:105]  通知次数(2)超过限制(2), 终端[7867958d54e343c79c4fcb0495bd5b92]最后一次发送心跳时间为2019-12-28T13:30:45+08:00, 已超过离线时间5分钟 
2019/12/28 15:53:09.786 [D] [alarm.go:90]  离线告警 2019-12-28 15:53:09.7867273 +0800 CST m=+39.138723601 
2019/12/28 15:53:09.787 [I] [alarm.go:105]  通知次数(2)超过限制(2), 终端[7867958d54e343c79c4fcb0495bd5b92]最后一次发送心跳时间为2019-12-28T13:30:45+08:00, 已超过离线时间5分钟 
2019/12/28 15:53:12.787 [D] [alarm.go:90]  离线告警 2019-12-28 15:53:12.7871361 +0800 CST m=+42.139132401 
2019/12/28 15:53:12.787 [I] [alarm.go:105]  通知次数(2)超过限制(2), 终端[7867958d54e343c79c4fcb0495bd5b92]最后一次发送心跳时间为2019-12-28T13:30:45+08:00, 已超过离线时间5分钟 
2019/12/28 15:53:15.787 [D] [alarm.go:90]  离线告警 2019-12-28 15:53:15.7872484 +0800 CST m=+45.139244701 
2019/12/28 15:53:15.788 [I] [alarm.go:105]  通知次数(2)超过限制(2), 终端[7867958d54e343c79c4fcb0495bd5b92]最后一次发送心跳时间为2019-12-28T13:30:45+08:00, 已超过离线时间5分钟 
2019/12/28 15:53:18.787 [D] [alarm.go:90]  离线告警 2019-12-28 15:53:18.7871322 +0800 CST m=+48.139128501 
2019/12/28 15:53:18.788 [I] [alarm.go:105]  通知次数(2)超过限制(2), 终端[7867958d54e343c79c4fcb0495bd5b92]最后一次发送心跳时间为2019-12-28T13:30:45+08:00, 已超过离线时间5分钟 
2019/12/28 15:53:21.789 [D] [alarm.go:90]  离线告警 2019-12-28 15:53:21.7885405 +0800 CST m=+51.140536801 
2019/12/28 15:53:21.795 [I] [alarm.go:105]  通知次数(2)超过限制(2), 终端[7867958d54e343c79c4fcb0495bd5b92]最后一次发送心跳时间为2019-12-28T13:30:45+08:00, 已超过离线时间5分钟 
2019/12/28 15:53:24.787 [D] [alarm.go:90]  离线告警 2019-12-28 15:53:24.7873041 +0800 CST m=+54.139300401 
2019/12/28 15:53:24.788 [I] [alarm.go:105]  通知次数(2)超过限制(2), 终端[7867958d54e343c79c4fcb0495bd5b92]最后一次发送心跳时间为2019-12-28T13:30:45+08:00, 已超过离线时间5分钟 
2019/12/28 15:53:27.786 [D] [alarm.go:90]  离线告警 2019-12-28 15:53:27.7867819 +0800 CST m=+57.138778201 
2019/12/28 15:53:27.786 [I] [alarm.go:105]  通知次数(2)超过限制(2), 终端[7867958d54e343c79c4fcb0495bd5b92]最后一次发送心跳时间为2019-12-28T13:30:45+08:00, 已超过离线时间5分钟 
2019/12/28 15:53:30.800 [D] [alarm.go:168]  内存使用率告警 2019-12-28 15:53:30.7948933 +0800 CST m=+60.146889601 
2019/12/28 15:53:30.800 [D] [alarm.go:130]  CPU使用率告警 2019-12-28 15:53:30.7948933 +0800 CST m=+60.146889601 
2019/12/28 15:53:30.802 [D] [alarm.go:90]  离线告警 2019-12-28 15:53:30.7948933 +0800 CST m=+60.146889601 
2019/12/28 15:53:30.834 [I] [alarm.go:105]  通知次数(2)超过限制(2), 终端[7867958d54e343c79c4fcb0495bd5b92]最后一次发送心跳时间为2019-12-28T13:30:45+08:00, 已超过离线时间5分钟 
2019/12/28 15:53:33.788 [D] [alarm.go:90]  离线告警 2019-12-28 15:53:33.7882667 +0800 CST m=+63.140263001 
2019/12/28 15:53:33.789 [I] [alarm.go:105]  通知次数(2)超过限制(2), 终端[7867958d54e343c79c4fcb0495bd5b92]最后一次发送心跳时间为2019-12-28T13:30:45+08:00, 已超过离线时间5分钟 
2019/12/28 15:53:36.786 [D] [alarm.go:90]  离线告警 2019-12-28 15:53:36.7869234 +0800 CST m=+66.138919701 
2019/12/28 15:53:36.787 [I] [alarm.go:105]  通知次数(2)超过限制(2), 终端[7867958d54e343c79c4fcb0495bd5b92]最后一次发送心跳时间为2019-12-28T13:30:45+08:00, 已超过离线时间5分钟 
2019/12/28 15:53:39.788 [D] [alarm.go:90]  离线告警 2019-12-28 15:53:39.7882827 +0800 CST m=+69.140279001 
2019/12/28 15:53:39.791 [I] [alarm.go:105]  通知次数(2)超过限制(2), 终端[7867958d54e343c79c4fcb0495bd5b92]最后一次发送心跳时间为2019-12-28T13:30:45+08:00, 已超过离线时间5分钟 
2019/12/28 15:54:04.070 [D] [alarm.go:90]  离线告警 2019-12-28 15:54:04.070596 +0800 CST m=+3.143110801 
2019/12/28 15:54:04.072 [I] [alarm.go:105]  通知次数(2)超过限制(2), 终端[7867958d54e343c79c4fcb0495bd5b92]最后一次发送心跳时间为2019-12-28T13:30:45+08:00, 已超过离线时间5分钟 
2019/12/28 15:54:07.071 [D] [alarm.go:90]  离线告警 2019-12-28 15:54:07.0718713 +0800 CST m=+6.144386101 
2019/12/28 15:54:07.073 [I] [alarm.go:105]  通知次数(2)超过限制(2), 终端[7867958d54e343c79c4fcb0495bd5b92]最后一次发送心跳时间为2019-12-28T13:30:45+08:00, 已超过离线时间5分钟 
2019/12/28 15:54:10.070 [D] [alarm.go:90]  离线告警 2019-12-28 15:54:10.0706373 +0800 CST m=+9.143152101 
2019/12/28 15:54:10.095 [I] [alarm.go:105]  通知次数(2)超过限制(2), 终端[7867958d54e343c79c4fcb0495bd5b92]最后一次发送心跳时间为2019-12-28T13:30:45+08:00, 已超过离线时间5分钟 
2019/12/28 15:55:01.102 [D] [alarm.go:90]  离线告警 2019-12-28 15:55:01.1029056 +0800 CST m=+3.159937701 
2019/12/28 15:55:04.065 [I] [alarm.go:114]  终端离线告警:  终端[7867958d54e343c79c4fcb0495bd5b92]最后一次发送心跳时间为2019-12-28T13:30:45+08:00, 已超过离线时间5分钟 , email通知: 535 Error: authentication failed, system busy , sms通知: <nil> 
2019/12/28 15:55:04.102 [D] [alarm.go:90]  离线告警 2019-12-28 15:55:04.1022589 +0800 CST m=+6.159291001 
2019/12/28 17:07:48.273 [D] [alarm.go:90]  离线告警 2019-12-28 17:07:48.2726649 +0800 CST m=+3.732463101 
2019/12/28 17:07:51.306 [I] [alarm.go:114]  终端离线告警:  终端[7867958d54e343c79c4fcb0495bd5b92]最后一次发送心跳时间为2019-12-28T13:30:45+08:00, 已超过离线时间5分钟 , email通知: <nil> , sms通知: <nil> 
2019/12/28 17:07:51.309 [D] [alarm.go:90]  离线告警 2019-12-28 17:07:51.2726386 +0800 CST m=+6.732436801 
2019/12/28 17:07:53.066 [I] [alarm.go:114]  终端离线告警:  终端[7867958d54e343c79c4fcb0495bd5b92]最后一次发送心跳时间为2019-12-28T13:30:45+08:00, 已超过离线时间5分钟 , email通知: <nil> , sms通知: <nil> 
2019/12/28 17:07:54.272 [D] [alarm.go:90]  离线告警 2019-12-28 17:07:54.2721847 +0800 CST m=+9.731982901 
2019/12/28 17:07:54.274 [I] [alarm.go:105]  通知次数(2)超过限制(2), 终端[7867958d54e343c79c4fcb0495bd5b92]最后一次发送心跳时间为2019-12-28T13:30:45+08:00, 已超过离线时间5分钟 
2019/12/28 17:07:57.270 [D] [alarm.go:90]  离线告警 2019-12-28 17:07:57.270472 +0800 CST m=+12.730270201 
2019/12/28 17:07:57.273 [I] [alarm.go:105]  通知次数(2)超过限制(2), 终端[7867958d54e343c79c4fcb0495bd5b92]最后一次发送心跳时间为2019-12-28T13:30:45+08:00, 已超过离线时间5分钟 
2019/12/28 17:08:00.272 [D] [alarm.go:90]  离线告警 2019-12-28 17:08:00.2724756 +0800 CST m=+15.732273801 
2019/12/28 17:08:00.274 [I] [alarm.go:105]  通知次数(2)超过限制(2), 终端[7867958d54e343c79c4fcb0495bd5b92]最后一次发送心跳时间为2019-12-28T13:30:45+08:00, 已超过离线时间5分钟 
2019/12/28 17:08:03.280 [D] [alarm.go:90]  离线告警 2019-12-28 17:08:03.2756102 +0800 CST m=+18.735408401 
2019/12/28 17:08:03.287 [I] [alarm.go:105]  通知次数(2)超过限制(2), 终端[7867958d54e343c79c4fcb0495bd5b92]最后一次发送心跳时间为2019-12-28T13:30:45+08:00, 已超过离线时间5分钟 
2019/12/28 21:39:56.975 [D] [alarm.go:166]  内存使用率告警 2019-12-28 21:39:56.9759177 +0800 CST m=+60.106814301 
2019/12/28 21:39:56.975 [D] [alarm.go:128]  CPU使用率告警 2019-12-28 21:39:56.9759177 +0800 CST m=+60.106814301 
2019/12/28 21:39:56.975 [D] [alarm.go:88]  离线告警 2019-12-28 21:39:56.9759177 +0800 CST m=+60.106814301 
2019/12/28 21:39:58.800 [I] [alarm.go:188]  终端内存告警:  终端[7867958d54e343c79c4fcb0495bd5b92]在最近5分钟内内存使用率大于20%的次数为5, 已超过3 , email通知: <nil> , sms通知: <nil> 
2019/12/28 21:39:59.067 [I] [alarm.go:150]  终端CPU告警:  终端[7867958d54e343c79c4fcb0495bd5b92]在最近5分钟内CPU使用率大于5%的次数为5, 已超过3 , email通知: <nil> , sms通知: <nil> 
2019/12/28 21:40:56.977 [D] [alarm.go:166]  内存使用率告警 2019-12-28 21:40:56.9763853 +0800 CST m=+120.107281901 
2019/12/28 21:40:56.977 [D] [alarm.go:128]  CPU使用率告警 2019-12-28 21:40:56.9763853 +0800 CST m=+120.107281901 
2019/12/28 21:40:56.979 [D] [alarm.go:88]  离线告警 2019-12-28 21:40:56.9763853 +0800 CST m=+120.107281901 
2019/12/28 21:40:58.518 [I] [alarm.go:188]  终端内存告警:  终端[7867958d54e343c79c4fcb0495bd5b92]在最近5分钟内内存使用率大于20%的次数为5, 已超过3 , email通知: <nil> , sms通知: <nil> 
2019/12/28 21:40:59.125 [I] [alarm.go:150]  终端CPU告警:  终端[7867958d54e343c79c4fcb0495bd5b92]在最近5分钟内CPU使用率大于5%的次数为4, 已超过3 , email通知: <nil> , sms通知: <nil> 
2019/12/28 22:00:25.169 [D] [alarm.go:88]  离线告警 2019-12-28 22:00:25.1697033 +0800 CST m=+60.096557401 
2019/12/28 22:00:25.170 [D] [alarm.go:166]  内存使用率告警 2019-12-28 22:00:25.1706974 +0800 CST m=+60.097551501 
2019/12/28 22:00:25.170 [D] [alarm.go:128]  CPU使用率告警 2019-12-28 22:00:25.1706974 +0800 CST m=+60.097551501 
2019/12/28 22:00:25.172 [I] [alarm.go:103]  通知次数(4)超过限制(2), 终端[7867958d54e343c79c4fcb0495bd5b92]最后一次发送心跳时间为2019-12-28T21:41:23+08:00, 已超过离线时间5分钟 
2019/12/28 23:20:35.828 [D] [alarm.go:128]  CPU使用率告警 2019-12-28 23:20:35.8283761 +0800 CST m=+60.242123801 
2019/12/28 23:20:35.828 [D] [alarm.go:88]  离线告警 2019-12-28 23:20:35.8283761 +0800 CST m=+60.242123801 
2019/12/28 23:20:35.828 [D] [alarm.go:166]  内存使用率告警 2019-12-28 23:20:35.8283761 +0800 CST m=+60.242123801 
2019/12/28 23:21:35.828 [D] [alarm.go:88]  离线告警 2019-12-28 23:21:35.8282067 +0800 CST m=+120.241954401 
2019/12/28 23:21:35.828 [D] [alarm.go:128]  CPU使用率告警 2019-12-28 23:21:35.8282067 +0800 CST m=+120.241954401 
2019/12/28 23:21:35.828 [D] [alarm.go:166]  内存使用率告警 2019-12-28 23:21:35.8282067 +0800 CST m=+120.241954401 
2019/12/28 23:22:35.829 [D] [alarm.go:166]  内存使用率告警 2019-12-28 23:22:35.8292311 +0800 CST m=+180.242978801 
2019/12/28 23:22:35.829 [D] [alarm.go:128]  CPU使用率告警 2019-12-28 23:22:35.8292311 +0800 CST m=+180.242978801 
2019/12/28 23:22:35.829 [D] [alarm.go:88]  离线告警 2019-12-28 23:22:35.8292311 +0800 CST m=+180.242978801 
2019/12/28 23:22:37.605 [I] [alarm.go:150]  终端CPU告警:  终端[7867958d54e343c79c4fcb0495bd5b92]在最近5分钟内CPU使用率大于5%的次数为3, 已超过3 , email通知: <nil> , sms通知: <nil> 
2019/12/28 23:22:37.978 [I] [alarm.go:188]  终端内存告警:  终端[7867958d54e343c79c4fcb0495bd5b92]在最近5分钟内内存使用率大于20%的次数为3, 已超过3 , email通知: <nil> , sms通知: <nil> 
